[debug] [2025-01-24T12:22:26.220Z] ----------------------------------------------------------------------
[debug] [2025-01-24T12:22:26.225Z] Command:       C:\Program Files (x86)\nodejs\node.exe C:\Users\Hanaa\AppData\Roaming\npm\node_modules\firebase-tools\lib\bin\firebase.js init hosting
[debug] [2025-01-24T12:22:26.225Z] CLI Version:   13.29.2
[debug] [2025-01-24T12:22:26.226Z] Platform:      win32
[debug] [2025-01-24T12:22:26.226Z] Node Version:  v20.15.1
[debug] [2025-01-24T12:22:26.226Z] Time:          Fri Jan 24 2025 14:22:26 GMT+0200 (Eastern European Standard Time)
[debug] [2025-01-24T12:22:26.226Z] ----------------------------------------------------------------------
[debug] 
[debug] [2025-01-24T12:22:26.238Z] > command requires scopes: ["email","openid","https://www.googleapis.com/auth/cloudplatformprojects.readonly","https://www.googleapis.com/auth/firebase","https://www.googleapis.com/auth/cloud-platform"]
[debug] [2025-01-24T12:22:26.239Z] > authorizing via signed-in user (mansuorhanaa@gmail.com)
[info] 
     ######## #### ########  ######## ########     ###     ######  ########
     ##        ##  ##     ## ##       ##     ##  ##   ##  ##       ##
     ######    ##  ########  ######   ########  #########  ######  ######
     ##        ##  ##    ##  ##       ##     ## ##     ##       ## ##
     ##       #### ##     ## ######## ########  ##     ##  ######  ########

You're about to initialize a Firebase project in this directory:

  C:\Users\Hanaa\Desktop\New folder\ggg

[info] 
=== Project Setup
[info] 
[info] First, let's associate this project directory with a Firebase project.
[info] You can create multiple project aliases by running firebase use --add, 
[info] but for now we'll just set up a default project.
[info] 
[debug] [2025-01-24T12:24:17.498Z] Checked if tokens are valid: true, expires at: 1737724874339
[debug] [2025-01-24T12:24:17.498Z] Checked if tokens are valid: true, expires at: 1737724874339
[debug] [2025-01-24T12:24:17.501Z] >>> [apiv2][query] GET https://firebase.googleapis.com/v1beta1/projects pageSize=100
[debug] [2025-01-24T12:24:18.626Z] <<< [apiv2][status] GET https://firebase.googleapis.com/v1beta1/projects 200
[debug] [2025-01-24T12:24:18.627Z] <<< [apiv2][body] GET https://firebase.googleapis.com/v1beta1/projects [omitted]
[debug] [2025-01-24T12:30:08.582Z] ----------------------------------------------------------------------
[debug] [2025-01-24T12:30:08.587Z] Command:       C:\Program Files (x86)\nodejs\node.exe C:\Users\Hanaa\AppData\Roaming\npm\node_modules\firebase-tools\lib\bin\firebase.js init hosting
[debug] [2025-01-24T12:30:08.588Z] CLI Version:   13.29.2
[debug] [2025-01-24T12:30:08.589Z] Platform:      win32
[debug] [2025-01-24T12:30:08.589Z] Node Version:  v20.15.1
[debug] [2025-01-24T12:30:08.589Z] Time:          Fri Jan 24 2025 14:30:08 GMT+0200 (Eastern European Standard Time)
[debug] [2025-01-24T12:30:08.589Z] ----------------------------------------------------------------------
[debug] 
[debug] [2025-01-24T12:30:08.603Z] > command requires scopes: ["email","openid","https://www.googleapis.com/auth/cloudplatformprojects.readonly","https://www.googleapis.com/auth/firebase","https://www.googleapis.com/auth/cloud-platform"]
[debug] [2025-01-24T12:30:08.604Z] > authorizing via signed-in user (mansuorhanaa@gmail.com)
[info] 
     ######## #### ########  ######## ########     ###     ######  ########
     ##        ##  ##     ## ##       ##     ##  ##   ##  ##       ##
     ######    ##  ########  ######   ########  #########  ######  ######
     ##        ##  ##    ##  ##       ##     ## ##     ##       ## ##
     ##       #### ##     ## ######## ########  ##     ##  ######  ########

You're about to initialize a Firebase project in this directory:

  C:\Users\Hanaa\Desktop\New folder\ggg

[info] 
=== Project Setup
[info] 
[info] First, let's associate this project directory with a Firebase project.
[info] You can create multiple project aliases by running firebase use --add, 
[info] but for now we'll just set up a default project.
[info] 
[debug] [2025-01-24T12:30:27.677Z] Checked if tokens are valid: true, expires at: 1737724874339
[debug] [2025-01-24T12:30:27.677Z] Checked if tokens are valid: true, expires at: 1737724874339
[debug] [2025-01-24T12:30:27.680Z] >>> [apiv2][query] GET https://firebase.googleapis.com/v1beta1/projects pageSize=100
[debug] [2025-01-24T12:30:28.604Z] <<< [apiv2][status] GET https://firebase.googleapis.com/v1beta1/projects 200
[debug] [2025-01-24T12:30:28.604Z] <<< [apiv2][body] GET https://firebase.googleapis.com/v1beta1/projects [omitted]
[info] i  Using project doctors-guide-misurata (Doctors-Guide) 
[info] 
=== Hosting Setup
[debug] [2025-01-24T12:30:34.237Z] Checked if tokens are valid: true, expires at: 1737724874339
[debug] [2025-01-24T12:30:34.237Z] Checked if tokens are valid: true, expires at: 1737724874339
[debug] [2025-01-24T12:30:34.238Z] >>> [apiv2][query] GET https://firebase.googleapis.com/v1beta1/projects/doctors-guide-misurata [none]
[debug] [2025-01-24T12:30:34.819Z] <<< [apiv2][status] GET https://firebase.googleapis.com/v1beta1/projects/doctors-guide-misurata 200
[debug] [2025-01-24T12:30:34.820Z] <<< [apiv2][body] GET https://firebase.googleapis.com/v1beta1/projects/doctors-guide-misurata {"projectId":"doctors-guide-misurata","projectNumber":"947124894921","displayName":"Doctors-Guide","name":"projects/doctors-guide-misurata","resources":{"hostingSite":"doctors-guide-misurata"},"state":"ACTIVE","etag":"1_2051e0aa-073b-4605-8d27-ed61afa6c7ce"}
[info] 
[info] Your public directory is the folder (relative to your project directory) that
[info] will contain Hosting assets to be uploaded with firebase deploy. If you
[info] have a build process for your assets, use your build's output directory.
[info] 
